<?xml version="1.0" encoding="UTF-8"?>
<!-- Generated by org.testng.reporters.JUnitXMLReporter -->
<testsuite hostname="Mayur" ignored="4" name="GroupParameterPractice" tests="2" failures="0" timestamp="2022-10-22T14:04:03 IST" time="0.078" errors="0">
  <testcase name="smokeTestCase1" time="0.011" classname="Day3TestNG.GroupParameter"/>
  <testcase name="smokeTestCase2" time="0.0" classname="Day3TestNG.GroupParameter"/>
  <testcase name="regressionTestCase2" time="0.0" classname="Day3TestNG.GroupParameter">
    <ignored/>
  </testcase> <!-- regressionTestCase2 -->
  <testcase name="sanityTestCase1" time="0.0" classname="Day3TestNG.GroupParameter">
    <ignored/>
  </testcase> <!-- sanityTestCase1 -->
  <testcase name="regressionTestCase1" time="0.0" classname="Day3TestNG.GroupParameter">
    <ignored/>
  </testcase> <!-- regressionTestCase1 -->
  <testcase name="sanityTestCase2" time="0.0" classname="Day3TestNG.GroupParameter">
    <ignored/>
  </testcase> <!-- sanityTestCase2 -->
</testsuite> <!-- GroupParameterPractice -->
